f:\pracainz\game\x64\release\vc142.pdb
f:\pracainz\game\x64\release\window.obj
f:\pracainz\game\x64\release\model.obj
f:\pracainz\game\x64\release\mainloop.obj
f:\pracainz\game\x64\release\initvulkan.obj
f:\pracainz\game\x64\release\game.obj
f:\pracainz\game\x64\release\device.obj
f:\pracainz\game\x64\release\cleanup.obj
f:\pracainz\game\x64\release\game.ipdb
f:\pracainz\game\x64\release\game.iobj
f:\pracainz\game\x64\release\game.exe
f:\pracainz\game\x64\release\game.pdb
f:\pracainz\game\x64\release\game.tlog\cl.command.1.tlog
f:\pracainz\game\x64\release\game.tlog\cl.read.1.tlog
f:\pracainz\game\x64\release\game.tlog\cl.write.1.tlog
f:\pracainz\game\x64\release\game.tlog\game.write.1u.tlog
f:\pracainz\game\x64\release\game.tlog\link.command.1.tlog
f:\pracainz\game\x64\release\game.tlog\link.delete.1.tlog
f:\pracainz\game\x64\release\game.tlog\link.read.1.tlog
f:\pracainz\game\x64\release\game.tlog\link.write.1.tlog
